
13 Feb 2016 22:43:19 Tweeted: Sports ticket derivative
13 Feb 2016 22:43:40 Tweeted: Woodcock (surname)
13 Feb 2016 22:56:42 Tweeted: Dolans
13 Feb 2016 22:56:45 Tweeted: Zakon Sudnyi Liudem
13 Feb 2016 22:56:47 Tweeted: Hassocks railway station
13 Feb 2016 23:05:39 Tweeted: Who's Bigger?
14 Feb 2016 00:57:27 Tweeted: Stop of the Exchequer<function random at 0x1d67410>
14 Feb 2016 01:23:14 Tweeted: Glenn Michibata<function random at 0x2a40410>
14 Feb 2016 01:30:14 Tweeted: Sydenham Benoni Alexander<function random at 0x2b42410>
14 Feb 2016 01:36:20 Tweeted: John Buckland Wright<function random at 0x268a410>
14 Feb 2016 01:47:41 Tweeted: Teva I Uta<function random at 0x1af6410>
14 Feb 2016 03:13:19 Tweeted: Willie Hulon
14 Feb 2016 04:03:15 Tweeted: Forging Ahead
14 Feb 2016 04:22:52 [{u'message': u'Status is over 140 characters.', u'code': 186}]
14 Feb 2016 05:42:56 Tweeted: William Matthew McCarter
14 Feb 2016 05:44:13 Tweeted: Beauty with a Purpose Greek musical instruments
14 Feb 2016 05:47:43 Tweeted: Anacamptis pyramidalis 
14 Feb 2016 05:56:02 Tweeted: Sarbaz, Isfahan The following is a list of sites of interest in Boston, Massachusetts.
14 Feb 2016 05:57:33 Tweeted: 1938 in Canada This is the complete list of Olympic medalists in Nordic combined.
14 Feb 2016 06:06:51 Tweeted: 212th Brigade (United Kingdom): The Knoxville Noise was a franchise of the World Basketball Association in Knoxville, Tennessee.
14 Feb 2016 06:07:05 Tweeted: Ronald Wilberforce Allen: Fishlabs Entertainment is a Hamburg, Germany-based developer and publisher of mobile games founded in 2004.
14 Feb 2016 06:09:13 Tweeted: Rhône (department): Joshua "Josh" Smith (born 1976) is an American artist based in New York.
14 Feb 2016 06:09:58 Tweeted: André E. Lalonde Accelerator Mass Spectrometry Laboratory: Suara Karya (lit.
14 Feb 2016 06:10:22 Tweeted: Bob Chlupsa: Thomas Michael Hoenig (born September 6, 1946) is vice chairman of the Federal Deposit Insurance Corporation.
14 Feb 2016 06:10:26 Tweeted: Isidore LeBlanc: Per-Olav Olsson was a Swedish sprint canoer who competed in the early 1950s.
14 Feb 2016 06:12:46 Tweeted: FK 14. Oktobar: This is a list of notable people whose ancestry has been traced to Gujarat, India.
14 Feb 2016 06:13:05 Tweeted: ISO/IEC 8859-11: Gopalarathinam, popularly known as Typist Gopu, is a Tamil stage and film actor known for comedy and supporting roles.
14 Feb 2016 06:16:05 Tweeted: Beauclerc: The Tornaco Ministry was in office from 26 September 1860 until 3 December 1867.
14 Feb 2016 06:16:08 Tweeted: Alberta Senate nominee elections: Grand Ayatollah Ali Asghar Mazandarani (1826–1911) was an Iranian cleric originally from Amirkola.
14 Feb 2016 06:16:15 Tweeted: Now and Later: Benning Moulton Bean (January 9, 1782 – February 6, 1866) was an American farmer and politician.
14 Feb 2016 06:18:27 Tweeted: Zhang Xin (businesswoman): Andreas Bielau (born August 27, 1958 in East Germany) is a retired football forward.
14 Feb 2016 06:18:47 Tweeted: Limnohabitans parvus: Fredericktown is an unincorporated community in Cecil County, Maryland, United States.
14 Feb 2016 06:18:54 Tweeted: (101869) 1999 MM: Sjoerd Wartena (born 1 May 1939) is a retired Dutch rower.
14 Feb 2016 06:18:58 Tweeted: Human chess: Bam County (Persian: شهرستان بم‎‎) is a county in Kerman Province in Iran.
14 Feb 2016 06:19:01 Tweeted: Edmund Abel: Authorized Greatest Hits is the third compilation album by the American rock band Cheap Trick.
14 Feb 2016 06:21:08 Tweeted: Quebec (album): 
14 Feb 2016 06:58:38 Tweeted: Danielle Caruana: Agi Mishol (Hebrew: אגי משעול‎) (born on October 20, 1947 in Cehu Silvaniei) is an Israeli poet.
14 Feb 2016 06:58:43 Tweeted: I Didn't Know You Cared: Below is a list of state visits made by King Carl XVI Gustaf of Sweden.
14 Feb 2016 07:06:21 Tweeted: Kara Special Premium Box for Japan: Christian Jacq (born April 28, 1947) is a French author and Egyptologist.
14 Feb 2016 10:49:00 Tweeted: Williamodendron: Dohertyorsidis is a genus of longhorn beetles of the subfamily Lamiinae, containing the following species:
14 Feb 2016 11:23:46 Tweeted: Ellie Parker: is a 1984 American short documentary film directed by Roger M. Sherman.
14 Feb 2016 11:24:06 Tweeted: Carbine affair: ish: Instalaciones de Lezama), is the training ground of the Primera Division club Athletic Bilbao.
14 Feb 2016 11:24:30 Tweeted: LGBT rights in Greenland: is a tributary of the Siret River in Romania.
14 Feb 2016 11:25:06 Tweeted: Bayon: is a radio station licensed to Casper, Wyoming.
14 Feb 2016 11:25:17 Tweeted: Fabian Sporkslede: is a former public administrator and former politician in Ontario, Canada.
14 Feb 2016 11:25:24 Tweeted: The counting argument: is one of the three big Cassis calanques.
14 Feb 2016 11:25:30 Tweeted: J-Setting: iss violinist and educator.
14 Feb 2016 11:26:09 Tweeted: Timia is a genus of fly in the family Dolichopodidae.
14 Feb 2016 11:26:16 Tweeted: Eupithecia kuroshio is a village in Yanqaq Rural District in the Central District of Galikash County, Golestan Province, Iran.
14 Feb 2016 11:26:26 Tweeted: 10 Firwood Fold is a hotel in Tallinn, Estonia.
14 Feb 2016 11:27:19 Tweeted: J. Michael Seyfert is a village in Nasrabad Rural District, in the Central District of Taft County, Yazd Province, Iran.
14 Feb 2016 11:27:23 Tweeted: Pasig City Science High School is an unincorporated community in Kenyon Township, Goodhue County, Minnesota, United States.
14 Feb 2016 11:27:27 Tweeted: Vegucated is a major city in Guangdong Province, China.
14 Feb 2016 11:27:30 Tweeted: Notonykia africanae is a multi-purpose stadium.
14 Feb 2016 11:27:36 Tweeted: List of highways numbered 315 is a British writer for radio and television.
14 Feb 2016 11:28:47 Tweeted: Nenasi is a species of freshwater mussel, an aquatic bivalve mollusk in the family Unionidae, the river mussels.
14 Feb 2016 11:29:46 Tweeted: Amarube Station is Guam's first and only Adult Contemporary music radio station.
14 Feb 2016 11:30:07 Tweeted: Mont-Bouët is a Roman Catholic elementary and middle school in the Second Ward in the East End, Houston, Texas.
14 Feb 2016 11:30:10 Tweeted: Whitney, California is a British film and television producer.
14 Feb 2016 11:30:13 Tweeted: Wang Xiaojun (tai chi) is a village in southeastern Nigeria located near the city of Owerri.
14 Feb 2016 11:30:27 Tweeted: Northern Tasmanian Football Association (formed 1996) isses is a Nancy Drew and Hardy Boys Supermystery novel.
14 Feb 2016 11:31:56 Tweeted: Don Mirault is a motorcycle racing game published by Acclaim for the GameCube, Xbox, and PlayStation 2.
14 Feb 2016 11:32:03 Tweeted: Leonine is a moth of the Arctiidae family.
14 Feb 2016 11:32:06 Tweeted: Radical Youth League is a competition held annually at Scienceworks in Melbourne, Australia.
14 Feb 2016 11:32:08 Tweeted: 2011 Huddersfield Giants season is a village and civil parish in the West Lindsey district of Lincolnshire, England.
14 Feb 2016 11:32:19 Tweeted: Ivan Petrof is an album by the band Sigh.
14 Feb 2016 11:34:31 Tweeted: Anodontia alba is a major east-west route in Makati, Metro Manila, Philippines.
14 Feb 2016 11:34:34 Tweeted: Ryan Westmoreland is a Korean-American stage, television and film actor.
14 Feb 2016 11:34:37 Tweeted: Giovanni Battista Bassani is stage name YG, is an American rapper from Compton, California.
14 Feb 2016 11:37:43 Tweeted: Overland Relief Expedition is a panchayat town in Mysore district (ಮೈಸೂರು) in the state of Karnataka, India.
14 Feb 2016 11:37:46 Tweeted: Restmore is a retired Soviet ice hockey forward.
14 Feb 2016 11:37:54 Tweeted: Qozdərə is a medieval Tamil poet from Madurai.
14 Feb 2016 11:38:04 Tweeted: Raymond Toscanelli is a public school district based in El Dorado, Arkansas, United States.
14 Feb 2016 11:38:13 Tweeted: Dash Bolaq Kandi is a mountain range in Mulegé Municipality of the northern region of Baja California Sur state, in northwestern Mexico.
14 Feb 2016 11:38:26 Tweeted: 1998 ATP Super 9 is a chemical compound possessing general anaesthetic properties that can be delivered via inhalation.
14 Feb 2016 11:38:49 Tweeted: Hippolytia is a multi-use stadium in Banfield, Argentina.
14 Feb 2016 11:38:58 Tweeted: Gowrie Little Plain, Queensland is a Dutch professional racing cyclist.
14 Feb 2016 11:39:01 Tweeted: Greatest Hits (Terence Trent D'Arby album) is an Orthodox Jewish documentary film-maker.
14 Feb 2016 11:39:10 Tweeted: Torbanite is article is about the term "Aegean Macedonia".
14 Feb 2016 11:42:22 Tweeted: Köprü is an American R&B singer and model.
14 Feb 2016 11:42:33 Tweeted: Alpine Garden Society is a masculine given name.
14 Feb 2016 11:42:37 Tweeted: 817th Expeditionary Airlift Squadron is the fourth album by German hard rock group Pink Cream 69.
14 Feb 2016 11:43:02 Tweeted: John Ryan (New South Wales politician) is an American actor and model.
14 Feb 2016 11:43:05 Tweeted: Lay Tithes is a town located in north-eastern New South Wales, Australia, in the Tweed Shire.
14 Feb 2016 11:43:59 Tweeted: Radio City Playhouse is an Indie Rock band from New Orleans, Louisiana.
14 Feb 2016 11:44:04 Tweeted: Drop shot is a novel written by Isaac Asimov, published by the author in 1993.
14 Feb 2016 11:51:13 Tweeted: Kauman is a Norwegian sports club from Trondheim, Sør-Trøndelag.
14 Feb 2016 11:51:23 Tweeted: Nikolai Mukho is a self-service advertising network company based in London.
14 Feb 2016 11:58:27 Tweeted: World Financial Group is an American country music singer.
14 Feb 2016 11:58:33 Tweeted: Driving Miss Daisy (play) is the largest island in Halifax Harbour located in Halifax Regional Municipality, Nova Scotia, Canada.
14 Feb 2016 11:58:35 Tweeted: List of teen situation comedies is the corollary to the imaginary audience.
14 Feb 2016 11:58:46 Tweeted: 2 Rats is a ballistic missile payload containing several warheads, each capable of being aimed to hit one of a group of targets.
14 Feb 2016 11:59:57 Tweeted: Mahrugi-ye Sofla is a municipality in the district of Schweinfurt in Bavaria, Germany.
14 Feb 2016 12:04:19 Tweeted: Kirkton, Scottish Borders is a town in Ngaka Modiri Molema District Municipality in the North West province of South Africa.
14 Feb 2016 12:04:27 Tweeted: Max Sabbatani is an annual track and field competition organized by the Royal Canadian Legion and sanctioned by Athletics Canada.